<?xml version="1.0" encoding="UTF-8"?>
<testsuite name="com.victorshlima.infnet.br.utils.FormatUtilsTest" tests="4" skipped="0" failures="0" errors="0" timestamp="2022-04-12T01:30:14" hostname="int-f460rk3" time="0.004">
  <properties/>
  <testcase name="whenValidateZipCodeWithValidZipCodeReturnTrue" classname="com.victorshlima.infnet.br.utils.FormatUtilsTest" time="0.0"/>
  <testcase name="whenValidateZipCodeWithValidZipCodeReturnTrue" classname="com.victorshlima.infnet.br.utils.FormatUtilsTest" time="0.001"/>
  <testcase name="whenValidateZipCodeWithValidZipCodeReturnTrue" classname="com.victorshlima.infnet.br.utils.FormatUtilsTest" time="0.0"/>
  <testcase name="whenValidateZipCodeWithValidZipCodeReturnFalse" classname="com.victorshlima.infnet.br.utils.FormatUtilsTest" time="0.001"/>
  <system-out><![CDATA[]]></system-out>
  <system-err><![CDATA[]]></system-err>
</testsuite>
