<?xml version="1.0" encoding="UTF-8"?>
<testsuite name="com.victorshlima.infnet.br.service.RegisterServiceTest" tests="7" skipped="0" failures="0" errors="0" timestamp="2022-04-12T01:30:14" hostname="int-f460rk3" time="0.025">
  <properties/>
  <testcase name="whenDeleteUserWithValidThrownException" classname="com.victorshlima.infnet.br.service.RegisterServiceTest" time="0.005"/>
  <testcase name="whenFindUserWith_Id_1_ReturnUserDto1" classname="com.victorshlima.infnet.br.service.RegisterServiceTest" time="0.004"/>
  <testcase name="whenRegisterUserReturnUserRegistred()" classname="com.victorshlima.infnet.br.service.RegisterServiceTest" time="0.003"/>
  <testcase name="whenDeleteUserWithValidDoesNotThrownException" classname="com.victorshlima.infnet.br.service.RegisterServiceTest" time="0.002"/>
  <testcase name="contextLoads()" classname="com.victorshlima.infnet.br.service.RegisterServiceTest" time="0.002"/>
  <testcase name="whenFindUserWithNullValue" classname="com.victorshlima.infnet.br.service.RegisterServiceTest" time="0.002"/>
  <testcase name="whenFindUserWithValidIdReturnUserDtoInstance" classname="com.victorshlima.infnet.br.service.RegisterServiceTest" time="0.001"/>
  <system-out><![CDATA[2022-04-11 22:30:14.507  INFO 510550 --- [    Test worker] .b.t.c.SpringBootTestContextBootstrapper : Neither @ContextConfiguration nor @ContextHierarchy found for test class [com.victorshlima.infnet.br.service.RegisterServiceTest], using SpringBootContextLoader
2022-04-11 22:30:14.508  INFO 510550 --- [    Test worker] o.s.t.c.support.AbstractContextLoader    : Could not detect default resource locations for test class [com.victorshlima.infnet.br.service.RegisterServiceTest]: no resource found for suffixes {-context.xml, Context.groovy}.
2022-04-11 22:30:14.508  INFO 510550 --- [    Test worker] t.c.s.AnnotationConfigContextLoaderUtils : Could not detect default configuration classes for test class [com.victorshlima.infnet.br.service.RegisterServiceTest]: RegisterServiceTest does not declare any static, non-private, non-final, nested classes annotated with @Configuration.
2022-04-11 22:30:14.514  INFO 510550 --- [    Test worker] .b.t.c.SpringBootTestContextBootstrapper : Found @SpringBootConfiguration com.victorshlima.infnet.br.RegisterApplication for test class com.victorshlima.infnet.br.service.RegisterServiceTest
2022-04-11 22:30:14.517  INFO 510550 --- [    Test worker] .b.t.c.SpringBootTestContextBootstrapper : Loaded default TestExecutionListener class names from location [META-INF/spring.factories]: [org.springframework.boot.test.autoconfigure.restdocs.RestDocsTestExecutionListener, org.springframework.boot.test.autoconfigure.web.client.MockRestServiceServerResetTestExecutionListener, org.springframework.boot.test.autoconfigure.web.servlet.MockMvcPrintOnlyOnFailureTestExecutionListener, org.springframework.boot.test.autoconfigure.web.servlet.WebDriverTestExecutionListener, org.springframework.boot.test.autoconfigure.webservices.client.MockWebServiceServerTestExecutionListener, org.springframework.boot.test.mock.mockito.MockitoTestExecutionListener, org.springframework.boot.test.mock.mockito.ResetMocksTestExecutionListener, org.springframework.test.context.web.ServletTestExecutionListener, org.springframework.test.context.support.DirtiesContextBeforeModesTestExecutionListener, org.springframework.test.context.event.ApplicationEventsTestExecutionListener, org.springframework.test.context.support.DependencyInjectionTestExecutionListener, org.springframework.test.context.support.DirtiesContextTestExecutionListener, org.springframework.test.context.transaction.TransactionalTestExecutionListener, org.springframework.test.context.jdbc.SqlScriptsTestExecutionListener, org.springframework.test.context.event.EventPublishingTestExecutionListener]
2022-04-11 22:30:14.518  INFO 510550 --- [    Test worker] .b.t.c.SpringBootTestContextBootstrapper : Using TestExecutionListeners: [org.springframework.test.context.web.ServletTestExecutionListener@35c12c7a, org.springframework.test.context.support.DirtiesContextBeforeModesTestExecutionListener@658255aa, org.springframework.test.context.event.ApplicationEventsTestExecutionListener@25290bca, org.springframework.boot.test.mock.mockito.MockitoTestExecutionListener@76563d26, org.springframework.boot.test.autoconfigure.SpringBootDependencyInjectionTestExecutionListener@4ac86d6a, org.springframework.test.context.support.DirtiesContextTestExecutionListener@3d904e9c, org.springframework.test.context.event.EventPublishingTestExecutionListener@508a65bf, org.springframework.boot.test.autoconfigure.restdocs.RestDocsTestExecutionListener@17f2dd85, org.springframework.boot.test.autoconfigure.web.client.MockRestServiceServerResetTestExecutionListener@1e58512c, org.springframework.boot.test.autoconfigure.web.servlet.MockMvcPrintOnlyOnFailureTestExecutionListener@210308d5, org.springframework.boot.test.autoconfigure.web.servlet.WebDriverTestExecutionListener@22a736d7, org.springframework.boot.test.autoconfigure.webservices.client.MockWebServiceServerTestExecutionListener@23b8d9f3, org.springframework.boot.test.mock.mockito.ResetMocksTestExecutionListener@7f353d99]
]]></system-out>
  <system-err><![CDATA[]]></system-err>
</testsuite>
